<?xml version="1.0" encoding="UTF-8"?>
<!-- Generated by org.testng.reporters.JUnitReportReporter -->
<testsuite skipped="1" hostname="DESKTOP-CNC7C5S" name="playgroundTests.CUDSettingsOptions" tests="2" failures="0" timestamp="2021-10-10T21:13:14 CEST" time="68.149" errors="1">
  <testcase name="TestCUD" time="0.000" classname="playgroundTests.CUDSettingsOptions">
    <skipped/>
  </testcase> <!-- TestCUD -->
  <system-out/>
  <testcase name="beforeMethod" time="68.149" classname="playgroundTests.CUDSettingsOptions">
    <error type="org.openqa.selenium.WebDriverException" message="chrome not reachable
Build info: version: &#039;3.141.59&#039;, revision: &#039;e82be7d358&#039;, time: &#039;2018-11-14T08:25:48&#039;
System info: host: &#039;DESKTOP-CNC7C5S&#039;, ip: &#039;192.168.100.12&#039;, os.name: &#039;Windows 10&#039;, os.arch: &#039;amd64&#039;, os.version: &#039;10.0&#039;, java.version: &#039;1.8.0_291&#039;
Driver info: driver.version: ChromeDriver
remote stacktrace: Backtrace:
	Ordinal0 [0x00B0D403+2479107]
	Ordinal0 [0x00AA7D51+2063697]
	Ordinal0 [0x009B1F90+1056656]
	Ordinal0 [0x009A6F55+1011541]
	Ordinal0 [0x009CFD81+1179009]
	Ordinal0 [0x009CC355+1164117]
	Ordinal0 [0x009C9B7F+1153919]
	Ordinal0 [0x009F9CBF+1350847]
	Ordinal0 [0x009F992A+1349930]
	Ordinal0 [0x009F583B+1333307]
	Ordinal0 [0x009D1F94+1187732]
	Ordinal0 [0x009D2DE9+1191401]
	GetHandleVerifier [0x00C8F3F6+1531734]
	GetHandleVerifier [0x00D3E9AE+2249998]
	GetHandleVerifier [0x00B939AB+501003]
	GetHandleVerifier [0x00B92A29+497033]
	Ordinal0 [0x00AAD11D+2085149]
	Ordinal0 [0x00AB11C8+2101704]
	Ordinal0 [0x00AB1302+2102018]
	Ordinal0 [0x00ABAA71+2140785]
	BaseThreadInitThunk [0x76EAFA29+25]
	RtlGetAppContainerNamedObjectPath [0x776B7A9E+286]
	RtlGetAppContainerNamedObjectPath [0x776B7A6E+238]
">
      <![CDATA[org.openqa.selenium.WebDriverException: chrome not reachable
Build info: version: '3.141.59', revision: 'e82be7d358', time: '2018-11-14T08:25:48'
System info: host: 'DESKTOP-CNC7C5S', ip: '192.168.100.12', os.name: 'Windows 10', os.arch: 'amd64', os.version: '10.0', java.version: '1.8.0_291'
Driver info: driver.version: ChromeDriver
remote stacktrace: Backtrace:
Ordinal0 [0x00B0D403+2479107]
Ordinal0 [0x00AA7D51+2063697]
Ordinal0 [0x009B1F90+1056656]
Ordinal0 [0x009A6F55+1011541]
Ordinal0 [0x009CFD81+1179009]
Ordinal0 [0x009CC355+1164117]
Ordinal0 [0x009C9B7F+1153919]
Ordinal0 [0x009F9CBF+1350847]
Ordinal0 [0x009F992A+1349930]
Ordinal0 [0x009F583B+1333307]
Ordinal0 [0x009D1F94+1187732]
Ordinal0 [0x009D2DE9+1191401]
GetHandleVerifier [0x00C8F3F6+1531734]
GetHandleVerifier [0x00D3E9AE+2249998]
GetHandleVerifier [0x00B939AB+501003]
GetHandleVerifier [0x00B92A29+497033]
Ordinal0 [0x00AAD11D+2085149]
Ordinal0 [0x00AB11C8+2101704]
Ordinal0 [0x00AB1302+2102018]
Ordinal0 [0x00ABAA71+2140785]
BaseThreadInitThunk [0x76EAFA29+25]
RtlGetAppContainerNamedObjectPath [0x776B7A9E+286]
RtlGetAppContainerNamedObjectPath [0x776B7A6E+238]

at sun.reflect.NativeConstructorAccessorImpl.newInstance0(Native Method)
at sun.reflect.NativeConstructorAccessorImpl.newInstance(Unknown Source)
at sun.reflect.DelegatingConstructorAccessorImpl.newInstance(Unknown Source)
at java.lang.reflect.Constructor.newInstance(Unknown Source)
at org.openqa.selenium.remote.W3CHandshakeResponse.lambda$errorHandler$0(W3CHandshakeResponse.java:62)
at org.openqa.selenium.remote.HandshakeResponse.lambda$getResponseFunction$0(HandshakeResponse.java:30)
at org.openqa.selenium.remote.ProtocolHandshake.lambda$createSession$0(ProtocolHandshake.java:126)
at java.util.stream.ReferencePipeline$3$1.accept(Unknown Source)
at java.util.Spliterators$ArraySpliterator.tryAdvance(Unknown Source)
at java.util.stream.ReferencePipeline.forEachWithCancel(Unknown Source)
at java.util.stream.AbstractPipeline.copyIntoWithCancel(Unknown Source)
at java.util.stream.AbstractPipeline.copyInto(Unknown Source)
at java.util.stream.AbstractPipeline.wrapAndCopyInto(Unknown Source)
at java.util.stream.FindOps$FindOp.evaluateSequential(Unknown Source)
at java.util.stream.AbstractPipeline.evaluate(Unknown Source)
at java.util.stream.ReferencePipeline.findFirst(Unknown Source)
at org.openqa.selenium.remote.ProtocolHandshake.createSession(ProtocolHandshake.java:128)
at org.openqa.selenium.remote.ProtocolHandshake.createSession(ProtocolHandshake.java:74)
at org.openqa.selenium.remote.HttpCommandExecutor.execute(HttpCommandExecutor.java:136)
at org.openqa.selenium.remote.service.DriverCommandExecutor.execute(DriverCommandExecutor.java:83)
at org.openqa.selenium.remote.RemoteWebDriver.execute(RemoteWebDriver.java:552)
at org.openqa.selenium.remote.RemoteWebDriver.startSession(RemoteWebDriver.java:213)
at org.openqa.selenium.remote.RemoteWebDriver.<init>(RemoteWebDriver.java:131)
at org.openqa.selenium.chrome.ChromeDriver.<init>(ChromeDriver.java:181)
at org.openqa.selenium.chrome.ChromeDriver.<init>(ChromeDriver.java:168)
at org.openqa.selenium.chrome.ChromeDriver.<init>(ChromeDriver.java:123)
at helper.Helper.SetConfigAndReturnDriver(Helper.java:13)
at playgroundTests.CUDSettingsOptions.beforeMethod(CUDSettingsOptions.java:27)
at sun.reflect.NativeMethodAccessorImpl.invoke0(Native Method)
at sun.reflect.NativeMethodAccessorImpl.invoke(Unknown Source)
at sun.reflect.DelegatingMethodAccessorImpl.invoke(Unknown Source)
at java.lang.reflect.Method.invoke(Unknown Source)
at org.testng.internal.MethodInvocationHelper.invokeMethod(MethodInvocationHelper.java:133)
at org.testng.internal.MethodInvocationHelper.invokeMethodConsideringTimeout(MethodInvocationHelper.java:62)
at org.testng.internal.ConfigInvoker.invokeConfigurationMethod(ConfigInvoker.java:385)
at org.testng.internal.ConfigInvoker.invokeConfigurations(ConfigInvoker.java:321)
at org.testng.internal.TestInvoker.runConfigMethods(TestInvoker.java:700)
at org.testng.internal.TestInvoker.invokeMethod(TestInvoker.java:527)
at org.testng.internal.TestInvoker.invokeTestMethod(TestInvoker.java:173)
at org.testng.internal.MethodRunner.runInSequence(MethodRunner.java:46)
at org.testng.internal.TestInvoker$MethodInvocationAgent.invoke(TestInvoker.java:824)
at org.testng.internal.TestInvoker.invokeTestMethods(TestInvoker.java:146)
at org.testng.internal.TestMethodWorker.invokeTestMethods(TestMethodWorker.java:146)
at org.testng.internal.TestMethodWorker.run(TestMethodWorker.java:128)
at java.util.ArrayList.forEach(Unknown Source)
at org.testng.TestRunner.privateRun(TestRunner.java:794)
at org.testng.TestRunner.run(TestRunner.java:596)
at org.testng.SuiteRunner.runTest(SuiteRunner.java:377)
at org.testng.SuiteRunner.runSequentially(SuiteRunner.java:371)
at org.testng.SuiteRunner.privateRun(SuiteRunner.java:332)
at org.testng.SuiteRunner.run(SuiteRunner.java:276)
at org.testng.SuiteRunnerWorker.runSuite(SuiteRunnerWorker.java:53)
at org.testng.SuiteRunnerWorker.run(SuiteRunnerWorker.java:96)
at org.testng.TestNG.runSuitesSequentially(TestNG.java:1212)
at org.testng.TestNG.runSuitesLocally(TestNG.java:1134)
at org.testng.TestNG.runSuites(TestNG.java:1063)
at org.testng.TestNG.run(TestNG.java:1031)
at org.testng.remote.AbstractRemoteTestNG.run(AbstractRemoteTestNG.java:115)
at org.testng.remote.RemoteTestNG.initAndRun(RemoteTestNG.java:251)
at org.testng.remote.RemoteTestNG.main(RemoteTestNG.java:77)
]]>
    </error>
  </testcase> <!-- beforeMethod -->
  <system-out/>
</testsuite> <!-- playgroundTests.CUDSettingsOptions -->
